
Report Summary

┌──────────────────────────────────────────┬────────┬─────────────────┬─────────┐
│                  Target                  │  Type  │ Vulnerabilities │ Secrets │
├──────────────────────────────────────────┼────────┼─────────────────┼─────────┤
│ workshop-organizer:local (alpine 3.23.3) │ alpine │        8        │    -    │
├──────────────────────────────────────────┼────────┼─────────────────┼─────────┤
│ app/app.war                              │  jar   │       34        │    -    │
└──────────────────────────────────────────┴────────┴─────────────────┴─────────┘
Legend:
- '-': Not scanned
- '0': Clean (no security findings detected)


workshop-organizer:local (alpine 3.23.3)
========================================
Total: 8 (UNKNOWN: 0, LOW: 0, MEDIUM: 4, HIGH: 3, CRITICAL: 1)

┌──────────┬────────────────┬──────────┬────────┬───────────────────┬───────────────┬─────────────────────────────────────────────────────────────┐
│ Library  │ Vulnerability  │ Severity │ Status │ Installed Version │ Fixed Version │                            Title                            │
├──────────┼────────────────┼──────────┼────────┼───────────────────┼───────────────┼─────────────────────────────────────────────────────────────┤
│ gnutls   │ CVE-2026-1584  │ HIGH     │ fixed  │ 3.8.11-r0         │ 3.8.12-r0     │ gnutls: gnutls: Remote Denial of Service via crafted        │
│          │                │          │        │                   │               │ ClientHello with invalid PSK...                             │
│          │                │          │        │                   │               │ https://avd.aquasec.com/nvd/cve-2026-1584                   │
│          ├────────────────┼──────────┤        │                   │               ├─────────────────────────────────────────────────────────────┤
│          │ CVE-2025-14831 │ MEDIUM   │        │                   │               │ gnutls: GnuTLS: Denial of Service via excessive resource    │
│          │                │          │        │                   │               │ consumption during certificate verification...              │
│          │                │          │        │                   │               │ https://avd.aquasec.com/nvd/cve-2025-14831                  │
├──────────┼────────────────┼──────────┤        ├───────────────────┼───────────────┼─────────────────────────────────────────────────────────────┤
│ libexpat │ CVE-2026-32767 │ CRITICAL │        │ 2.7.4-r0          │ 2.7.5-r0      │ SiYuan: Authorization Bypass Allows Arbitrary SQL Execution │
│          │                │          │        │                   │               │ via Search API                                              │
│          │                │          │        │                   │               │ https://avd.aquasec.com/nvd/cve-2026-32767                  │
│          ├────────────────┼──────────┤        │                   │               ├─────────────────────────────────────────────────────────────┤
│          │ CVE-2026-32777 │ MEDIUM   │        │                   │               │ libexpat: libexpat: Denial of Service via infinite loop in  │
│          │                │          │        │                   │               │ DTD content parsing...                                      │
│          │                │          │        │                   │               │ https://avd.aquasec.com/nvd/cve-2026-32777                  │
│          ├────────────────┤          │        │                   │               ├─────────────────────────────────────────────────────────────┤
│          │ CVE-2026-32778 │          │        │                   │               │ libexpat: libexpat: Denial of Service via NULL pointer      │
│          │                │          │        │                   │               │ dereference after out-of-memory condition...                │
│          │                │          │        │                   │               │ https://avd.aquasec.com/nvd/cve-2026-32778                  │
├──────────┼────────────────┼──────────┤        ├───────────────────┼───────────────┼─────────────────────────────────────────────────────────────┤
│ libpng   │ CVE-2026-25646 │ HIGH     │        │ 1.6.54-r0         │ 1.6.55-r0     │ libpng: LIBPNG has a heap buffer overflow in                │
│          │                │          │        │                   │               │ png_set_quantize                                            │
│          │                │          │        │                   │               │ https://avd.aquasec.com/nvd/cve-2026-25646                  │
├──────────┼────────────────┤          │        ├───────────────────┼───────────────┼─────────────────────────────────────────────────────────────┤
│ zlib     │ CVE-2026-22184 │          │        │ 1.3.1-r2          │ 1.3.2-r0      │ zlib: zlib: Arbitrary code execution via buffer overflow in │
│          │                │          │        │                   │               │ untgz utility                                               │
│          │                │          │        │                   │               │ https://avd.aquasec.com/nvd/cve-2026-22184                  │
│          ├────────────────┼──────────┤        │                   │               ├─────────────────────────────────────────────────────────────┤
│          │ CVE-2026-27171 │ MEDIUM   │        │                   │               │ zlib: zlib: Denial of Service via infinite loop in CRC32    │
│          │                │          │        │                   │               │ combine functions...                                        │
│          │                │          │        │                   │               │ https://avd.aquasec.com/nvd/cve-2026-27171                  │
└──────────┴────────────────┴──────────┴────────┴───────────────────┴───────────────┴─────────────────────────────────────────────────────────────┘

Java (jar)
==========
Total: 34 (UNKNOWN: 0, LOW: 8, MEDIUM: 11, HIGH: 14, CRITICAL: 1)

┌─────────────────────────────────────────────────────┬─────────────────────┬──────────┬────────┬───────────────────┬─────────────────────────────┬──────────────────────────────────────────────────────────────┐
│                       Library                       │    Vulnerability    │ Severity │ Status │ Installed Version │        Fixed Version        │                            Title                             │
├─────────────────────────────────────────────────────┼─────────────────────┼──────────┼────────┼───────────────────┼─────────────────────────────┼──────────────────────────────────────────────────────────────┤
│ ch.qos.logback:logback-core (app.war)               │ CVE-2024-12798      │ MEDIUM   │ fixed  │ 1.4.14            │ 1.5.13, 1.3.15              │ logback-core: arbitrary code execution via                   │
│                                                     │                     │          │        │                   │                             │ JaninoEventEvaluator                                         │
│                                                     │                     │          │        │                   │                             │ https://avd.aquasec.com/nvd/cve-2024-12798                   │
│                                                     ├─────────────────────┤          │        │                   ├─────────────────────────────┼──────────────────────────────────────────────────────────────┤
│                                                     │ CVE-2025-11226      │          │        │                   │ 1.5.19, 1.3.16              │ ch.qos.logback/logback-core: Conditional abitrary code       │
│                                                     │                     │          │        │                   │                             │ execution in logback-core                                    │
│                                                     │                     │          │        │                   │                             │ https://avd.aquasec.com/nvd/cve-2025-11226                   │
│                                                     ├─────────────────────┼──────────┤        │                   ├─────────────────────────────┼──────────────────────────────────────────────────────────────┤
│                                                     │ CVE-2024-12801      │ LOW      │        │                   │ 1.5.13, 1.3.15              │ logback-core: SaxEventRecorder vulnerable to Server-Side     │
│                                                     │                     │          │        │                   │                             │ Request Forgery (SSRF) attacks                               │
│                                                     │                     │          │        │                   │                             │ https://avd.aquasec.com/nvd/cve-2024-12801                   │
│                                                     ├─────────────────────┤          │        │                   ├─────────────────────────────┼──────────────────────────────────────────────────────────────┤
│                                                     │ CVE-2026-1225       │          │        │                   │ 1.5.25                      │ ch.qos.logback/logback-core: Malicious logback.xml           │
│                                                     │                     │          │        │                   │                             │ configuration file allows instantiation of arbitrary classes │
│                                                     │                     │          │        │                   │                             │ https://avd.aquasec.com/nvd/cve-2026-1225                    │
├─────────────────────────────────────────────────────┼─────────────────────┼──────────┤        ├───────────────────┼─────────────────────────────┼──────────────────────────────────────────────────────────────┤
│ com.fasterxml.jackson.core:jackson-core (app.war)   │ GHSA-72hv-8253-57qq │ HIGH     │        │ 2.15.4            │ 2.18.6, 2.21.1, 3.1.0       │ jackson-core: Number Length Constraint Bypass in Async       │
│                                                     │                     │          │        │                   │                             │ Parser Leads to Potential DoS...                             │
│                                                     │                     │          │        │                   │                             │ https://github.com/advisories/GHSA-72hv-8253-57qq            │
├─────────────────────────────────────────────────────┼─────────────────────┼──────────┤        ├───────────────────┼─────────────────────────────┼──────────────────────────────────────────────────────────────┤
│ org.apache.tomcat.embed:tomcat-embed-core (app.war) │ CVE-2025-24813      │ CRITICAL │        │ 10.1.19           │ 11.0.3, 10.1.35, 9.0.99     │ tomcat: Potential RCE and/or information disclosure and/or   │
│                                                     │                     │          │        │                   │                             │ information corruption with partial PUT...                   │
│                                                     │                     │          │        │                   │                             │ https://avd.aquasec.com/nvd/cve-2025-24813                   │
│                                                     ├─────────────────────┼──────────┤        │                   ├─────────────────────────────┼──────────────────────────────────────────────────────────────┤
│                                                     │ CVE-2024-34750      │ HIGH     │        │                   │ 11.0.0-M21, 10.1.25, 9.0.90 │ tomcat: Improper Handling of Exceptional Conditions          │
│                                                     │                     │          │        │                   │                             │ https://avd.aquasec.com/nvd/cve-2024-34750                   │
│                                                     ├─────────────────────┤          │        │                   ├─────────────────────────────┼──────────────────────────────────────────────────────────────┤
│                                                     │ CVE-2024-50379      │          │        │                   │ 11.0.2, 10.1.34, 9.0.98     │ tomcat: RCE due to TOCTOU issue in JSP compilation           │
│                                                     │                     │          │        │                   │                             │ https://avd.aquasec.com/nvd/cve-2024-50379                   │
│                                                     ├─────────────────────┤          │        │                   │                             ├──────────────────────────────────────────────────────────────┤
│                                                     │ CVE-2024-56337      │          │        │                   │                             │ tomcat: Incomplete fix for CVE-2024-50379 - RCE due to       │
│                                                     │                     │          │        │                   │                             │ TOCTOU issue in...                                           │
│                                                     │                     │          │        │                   │                             │ https://avd.aquasec.com/nvd/cve-2024-56337                   │
│                                                     ├─────────────────────┤          │        │                   ├─────────────────────────────┼──────────────────────────────────────────────────────────────┤
│                                                     │ CVE-2025-48988      │          │        │                   │ 11.0.8, 10.1.42, 9.0.106    │ tomcat: Apache Tomcat DoS in multipart upload                │
│                                                     │                     │          │        │                   │                             │ https://avd.aquasec.com/nvd/cve-2025-48988                   │
│                                                     ├─────────────────────┤          │        │                   ├─────────────────────────────┼──────────────────────────────────────────────────────────────┤
│                                                     │ CVE-2025-48989      │          │        │                   │ 11.0.10, 10.1.44, 9.0.108   │ tomcat: http/2 "MadeYouReset" DoS attack through HTTP/2      │
│                                                     │                     │          │        │                   │                             │ control frames                                               │
│                                                     │                     │          │        │                   │                             │ https://avd.aquasec.com/nvd/cve-2025-48989                   │
│                                                     ├─────────────────────┤          │        │                   ├─────────────────────────────┼──────────────────────────────────────────────────────────────┤
│                                                     │ CVE-2025-52520      │          │        │                   │ 11.0.9, 10.1.43, 9.0.107    │ tomcat: Apache Tomcat denial of service                      │
│                                                     │                     │          │        │                   │                             │ https://avd.aquasec.com/nvd/cve-2025-52520                   │
│                                                     ├─────────────────────┤          │        │                   ├─────────────────────────────┼──────────────────────────────────────────────────────────────┤
│                                                     │ CVE-2025-53506      │          │        │                   │ 9.0.107, 10.1.43, 11.0.9    │ tomcat: Apache Tomcat denial of service                      │
│                                                     │                     │          │        │                   │                             │ https://avd.aquasec.com/nvd/cve-2025-53506                   │
│                                                     ├─────────────────────┤          │        │                   ├─────────────────────────────┼──────────────────────────────────────────────────────────────┤
│                                                     │ CVE-2025-55752      │          │        │                   │ 11.0.11, 10.1.45, 9.0.109   │ tomcat: org.apache.tomcat/tomcat-catalina: Apache Tomcat:    │
│                                                     │                     │          │        │                   │                             │ Directory traversal via rewrite with possible RCE            │
│                                                     │                     │          │        │                   │                             │ https://avd.aquasec.com/nvd/cve-2025-55752                   │
│                                                     ├─────────────────────┼──────────┤        │                   ├─────────────────────────────┼──────────────────────────────────────────────────────────────┤
│                                                     │ CVE-2025-31650      │ MEDIUM   │        │                   │ 9.0.104, 10.1.40, 11.0.6    │ tomcat: Apache Tomcat: DoS via malformed HTTP/2              │
│                                                     │                     │          │        │                   │                             │ PRIORITY_UPDATE frame                                        │
│                                                     │                     │          │        │                   │                             │ https://avd.aquasec.com/nvd/cve-2025-31650                   │
│                                                     ├─────────────────────┤          │        │                   ├─────────────────────────────┼──────────────────────────────────────────────────────────────┤
│                                                     │ CVE-2025-49124      │          │        │                   │ 11.0.8, 10.1.42, 9.0.106    │ Apache Tomcat installer for Windows has an untrusted search  │
│                                                     │                     │          │        │                   │                             │ path vulnerability                                           │
│                                                     │                     │          │        │                   │                             │ https://avd.aquasec.com/nvd/cve-2025-49124                   │
│                                                     ├─────────────────────┤          │        │                   │                             ├──────────────────────────────────────────────────────────────┤
│                                                     │ CVE-2025-49125      │          │        │                   │                             │ tomcat: Apache Tomcat: Security constraint bypass for        │
│                                                     │                     │          │        │                   │                             │ pre/post-resources                                           │
│                                                     │                     │          │        │                   │                             │ https://avd.aquasec.com/nvd/cve-2025-49125                   │
│                                                     ├─────────────────────┤          │        │                   ├─────────────────────────────┼──────────────────────────────────────────────────────────────┤
│                                                     │ CVE-2025-66614      │          │        │                   │ 11.0.15, 10.1.50, 9.0.113   │ tomcat: Client certificate verification bypass due to        │
│                                                     │                     │          │        │                   │                             │ virtual host mapping                                         │
│                                                     │                     │          │        │                   │                             │ https://avd.aquasec.com/nvd/cve-2025-66614                   │
│                                                     ├─────────────────────┼──────────┤        │                   ├─────────────────────────────┼──────────────────────────────────────────────────────────────┤
│                                                     │ CVE-2025-31651      │ LOW      │        │                   │ 9.0.104, 10.1.40, 11.0.6    │ tomcat: Apache Tomcat: Bypass of rules in Rewrite Valve      │
│                                                     │                     │          │        │                   │                             │ https://avd.aquasec.com/nvd/cve-2025-31651                   │
│                                                     ├─────────────────────┤          │        │                   ├─────────────────────────────┼──────────────────────────────────────────────────────────────┤
│                                                     │ CVE-2025-46701      │          │        │                   │ 9.0.105, 10.1.41, 11.0.7    │ tomcat: Apache Tomcat: Security constraint bypass for CGI    │
│                                                     │                     │          │        │                   │                             │ scripts                                                      │
│                                                     │                     │          │        │                   │                             │ https://avd.aquasec.com/nvd/cve-2025-46701                   │
│                                                     ├─────────────────────┤          │        │                   ├─────────────────────────────┼──────────────────────────────────────────────────────────────┤
│                                                     │ CVE-2025-55754      │          │        │                   │ 11.0.11, 10.1.45, 9.0.109   │ org.apache.tomcat/tomcat-juli: tomcat: Apache Tomcat:        │
│                                                     │                     │          │        │                   │                             │ console manipulation                                         │
│                                                     │                     │          │        │                   │                             │ https://avd.aquasec.com/nvd/cve-2025-55754                   │
│                                                     ├─────────────────────┤          │        │                   ├─────────────────────────────┼──────────────────────────────────────────────────────────────┤
│                                                     │ CVE-2025-61795      │          │        │                   │ 11.0.12, 10.1.47, 9.0.110   │ tomcat: org.apache.tomcat/tomcat-catalina: Apache Tomcat:    │
│                                                     │                     │          │        │                   │                             │ Denial of service                                            │
│                                                     │                     │          │        │                   │                             │ https://avd.aquasec.com/nvd/cve-2025-61795                   │
│                                                     ├─────────────────────┤          │        │                   ├─────────────────────────────┼──────────────────────────────────────────────────────────────┤
│                                                     │ CVE-2026-24733      │          │        │                   │ 11.0.15, 10.1.50, 9.0.113   │ tomcat: security constraint bypass with HTTP/0.9             │
│                                                     │                     │          │        │                   │                             │ https://avd.aquasec.com/nvd/cve-2026-24733                   │
├─────────────────────────────────────────────────────┼─────────────────────┼──────────┤        ├───────────────────┼─────────────────────────────┼──────────────────────────────────────────────────────────────┤
│ org.springframework.boot:spring-boot (app.war)      │ CVE-2025-22235      │ HIGH     │        │ 3.2.4             │ 3.3.11, 3.4.5               │ org.springframework.boot/spring-boot: Spring Boot            │
│                                                     │                     │          │        │                   │                             │ EndpointRequest.to() creates wrong matcher if actuator       │
│                                                     │                     │          │        │                   │                             │ endpoint is not...                                           │
│                                                     │                     │          │        │                   │                             │ https://avd.aquasec.com/nvd/cve-2025-22235                   │
├─────────────────────────────────────────────────────┼─────────────────────┼──────────┤        ├───────────────────┼─────────────────────────────┼──────────────────────────────────────────────────────────────┤
│ org.springframework:spring-context (app.war)        │ CVE-2024-38820      │ MEDIUM   │        │ 6.1.5             │ 6.1.14                      │ The fix for CVE-2022-22968 made disallowedFieldspatterns in  │
│                                                     │                     │          │        │                   │                             │ DataBinder ...                                               │
│                                                     │                     │          │        │                   │                             │ https://avd.aquasec.com/nvd/cve-2024-38820                   │
│                                                     ├─────────────────────┼──────────┤        │                   ├─────────────────────────────┼──────────────────────────────────────────────────────────────┤
│                                                     │ CVE-2025-22233      │ LOW      │        │                   │ 6.2.7, 6.1.20               │ CVE-2024-38820 ensured Locale-independent, lowercase         │
│                                                     │                     │          │        │                   │                             │ conversion for bo ...                                        │
│                                                     │                     │          │        │                   │                             │ https://avd.aquasec.com/nvd/cve-2025-22233                   │
├─────────────────────────────────────────────────────┼─────────────────────┼──────────┤        │                   ├─────────────────────────────┼──────────────────────────────────────────────────────────────┤
│ org.springframework:spring-core (app.war)           │ CVE-2025-41249      │ HIGH     │        │                   │ 6.2.11                      │ org.springframework/spring-core: Spring Framework Annotation │
│                                                     │                     │          │        │                   │                             │ Detection Vulnerability                                      │
│                                                     │                     │          │        │                   │                             │ https://avd.aquasec.com/nvd/cve-2025-41249                   │
├─────────────────────────────────────────────────────┼─────────────────────┤          │        │                   ├─────────────────────────────┼──────────────────────────────────────────────────────────────┤
│ org.springframework:spring-web (app.war)            │ CVE-2024-22262      │          │        │                   │ 5.3.34, 6.0.19, 6.1.6       │ springframework: URL Parsing with Host Validation            │
│                                                     │                     │          │        │                   │                             │ https://avd.aquasec.com/nvd/cve-2024-22262                   │
│                                                     ├─────────────────────┼──────────┤        │                   ├─────────────────────────────┼──────────────────────────────────────────────────────────────┤
│                                                     │ CVE-2024-38809      │ MEDIUM   │        │                   │ 5.3.38, 6.0.23, 6.1.12      │ org.springframework:spring-web: Spring Framework DoS via     │
│                                                     │                     │          │        │                   │                             │ conditional HTTP request                                     │
│                                                     │                     │          │        │                   │                             │ https://avd.aquasec.com/nvd/cve-2024-38809                   │
│                                                     ├─────────────────────┤          │        │                   ├─────────────────────────────┼──────────────────────────────────────────────────────────────┤
│                                                     │ CVE-2024-38820      │          │        │                   │ 6.1.14                      │ The fix for CVE-2022-22968 made disallowedFieldspatterns in  │
│                                                     │                     │          │        │                   │                             │ DataBinder ...                                               │
│                                                     │                     │          │        │                   │                             │ https://avd.aquasec.com/nvd/cve-2024-38820                   │
│                                                     ├─────────────────────┤          │        │                   ├─────────────────────────────┼──────────────────────────────────────────────────────────────┤
│                                                     │ CVE-2025-41234      │          │        │                   │ 6.2.8, 6.1.21               │ springframework: Reflected download attack in Spring         │
│                                                     │                     │          │        │                   │                             │ Framework with non-ASCII headers                             │
│                                                     │                     │          │        │                   │                             │ https://avd.aquasec.com/nvd/cve-2025-41234                   │
├─────────────────────────────────────────────────────┼─────────────────────┼──────────┤        │                   ├─────────────────────────────┼──────────────────────────────────────────────────────────────┤
│ org.springframework:spring-webmvc (app.war)         │ CVE-2024-38816      │ HIGH     │        │                   │ 6.1.13                      │ spring-webmvc: Path Traversal Vulnerability in Spring        │
│                                                     │                     │          │        │                   │                             │ Applications Using RouterFunctions and FileSystemResource    │
│                                                     │                     │          │        │                   │                             │ https://avd.aquasec.com/nvd/cve-2024-38816                   │
│                                                     ├─────────────────────┤          │        │                   ├─────────────────────────────┼──────────────────────────────────────────────────────────────┤
│                                                     │ CVE-2024-38819      │          │        │                   │ 6.1.14                      │ org.springframework:spring-webmvc: Path traversal            │
│                                                     │                     │          │        │                   │                             │ vulnerability in functional web frameworks                   │
│                                                     │                     │          │        │                   │                             │ https://avd.aquasec.com/nvd/cve-2024-38819                   │
│                                                     ├─────────────────────┼──────────┤        │                   ├─────────────────────────────┼──────────────────────────────────────────────────────────────┤
│                                                     │ CVE-2025-41242      │ MEDIUM   │        │                   │ 6.2.10                      │ org.springframework/spring-webmvc: Spring Framework MVC path │
│                                                     │                     │          │        │                   │                             │ traversal vulnerability                                      │
│                                                     │                     │          │        │                   │                             │ https://avd.aquasec.com/nvd/cve-2025-41242                   │
└─────────────────────────────────────────────────────┴─────────────────────┴──────────┴────────┴───────────────────┴─────────────────────────────┴──────────────────────────────────────────────────────────────┘
